<?xml version="1.0" encoding="utf-8" standalone="no"?>
<test-run id="0" name="UnitTest.dll" fullname="C:\SourceCode\UnitTest\bin\Debug\net10.0\UnitTest.dll" runstate="Runnable" testcasecount="802" result="Passed" total="1" passed="1" failed="0" warnings="0" inconclusive="0" skipped="0" asserts="0" engine-version="3.18.1.0" clr-version="10.0.1" start-time="2025-12-11 07:57:34Z" end-time="2025-12-11 07:57:36Z" duration="1.519522">
  <command-line><![CDATA[C:\SourceCode\UnitTest\bin\Debug\net10.0\testhost.dll --port 56971 --endpoint 127.0.0.1:056971 --role client --parentprocessid 12228 --telemetryoptedin false]]></command-line>
  <filter>
    <test>UnitTest.Integration.ClientCountDiscrepancyRealDbTests.FindExactDiscrepancyClients_RealDatabase</test>
  </filter>
  <test-suite type="Assembly" id="0-1899" name="UnitTest.dll" fullname="C:\SourceCode\UnitTest\bin\Debug\net10.0\UnitTest.dll" runstate="Runnable" testcasecount="802" result="Passed" start-time="2025-12-11T07:57:34.4892820Z" end-time="2025-12-11T07:57:35.9887540Z" duration="1.499459" total="1" passed="1" failed="0" warnings="0" inconclusive="0" skipped="0" asserts="0">
    <environment framework-version="4.3.2.0" clr-version="10.0.1" os-version="Microsoft Windows 10.0.26200" platform="Win32NT" cwd="C:\SourceCode\UnitTest\bin\Debug\net10.0" machine-name="HÖRBIPC" user="hgasp" user-domain="HÖRBIPC" culture="de-CH" uiculture="de-DE" os-architecture="x64" />
    <settings>
      <setting name="SynchronousEvents" value="False" />
      <setting name="InternalTraceLevel" value="Off" />
      <setting name="RandomSeed" value="427572701" />
      <setting name="SkipNonTestAssemblies" value="True" />
      <setting name="ProcessModel" value="InProcess" />
      <setting name="DomainUsage" value="Single" />
      <setting name="DefaultTestNamePattern" value="{m}{a}" />
      <setting name="WorkDirectory" value="C:\SourceCode\UnitTest\bin\Debug\net10.0" />
      <setting name="NumberOfTestWorkers" value="10" />
    </settings>
    <properties>
      <property name="_PID" value="8948" />
      <property name="_APPDOMAIN" value="testhost" />
    </properties>
    <test-suite type="TestSuite" id="0-1900" name="UnitTest" fullname="UnitTest" runstate="Runnable" testcasecount="802" result="Passed" start-time="2025-12-11T07:57:34.4910758Z" end-time="2025-12-11T07:57:35.9887499Z" duration="1.497673" total="1" passed="1" failed="0" warnings="0" inconclusive="0" skipped="0" asserts="0">
      <test-suite type="TestSuite" id="0-1922" name="Integration" fullname="UnitTest.Integration" runstate="Runnable" testcasecount="19" result="Passed" start-time="2025-12-11T07:57:34.4913973Z" end-time="2025-12-11T07:57:35.9887057Z" duration="1.497308" total="1" passed="1" failed="0" warnings="0" inconclusive="0" skipped="0" asserts="0">
        <test-suite type="TestFixture" id="0-1644" name="ClientCountDiscrepancyRealDbTests" fullname="UnitTest.Integration.ClientCountDiscrepancyRealDbTests" classname="UnitTest.Integration.ClientCountDiscrepancyRealDbTests" runstate="Runnable" testcasecount="2" result="Passed" start-time="2025-12-11T07:57:34.4918443Z" end-time="2025-12-11T07:57:35.9885698Z" duration="1.496726" total="1" passed="1" failed="0" warnings="0" inconclusive="0" skipped="0" asserts="0">
          <properties>
            <property name="Category" value="RealDatabase" />
          </properties>
          <test-case id="0-1645" name="FindExactDiscrepancyClients_RealDatabase" fullname="UnitTest.Integration.ClientCountDiscrepancyRealDbTests.FindExactDiscrepancyClients_RealDatabase" methodname="FindExactDiscrepancyClients_RealDatabase" classname="UnitTest.Integration.ClientCountDiscrepancyRealDbTests" runstate="Runnable" seed="112665401" result="Passed" start-time="2025-12-11T07:57:34.4956534Z" end-time="2025-12-11T07:57:35.9871674Z" duration="1.491536" asserts="0">
            <output><![CDATA[=== EXACT DISCREPANCY ANALYSIS ===

Analyzing for year: 2025
Start of year: 2025-01-01
End of year: 2025-12-31

WorkList (Schedule) - no membership filter: 4002
BreakList (Absence-Gantt) - with membership filter: 4000
Difference: 2

=== THESE 2 CLIENTS CAUSE THE DISCREPANCY ===
(They appear in Schedule but NOT in Absence-Gantt)

----------------------------------------
ID:        019afe76-54ec-7335-99b1-06c4448ccdb9
IdNumber:  5011
Name:      Heribert Gasparoli
Company:   
Type:      Employee
IsDeleted: False
Membership: NULL (no membership record!)
  → Reason: Client has no membership entry

----------------------------------------
ID:        019afe76-f150-7ca8-877d-5a0a38829980
IdNumber:  5012
Name:      Marie-Anne Gasparoli
Company:   
Type:      Employee
IsDeleted: False
Membership: NULL (no membership record!)
  → Reason: Client has no membership entry

     Warning:
     The component "Fluent Assertions" is governed by the rules defined in the Xceed License Agreement and
     the Xceed Fluent Assertions Community License. You may use Fluent Assertions free of charge for
     non-commercial use only. An active subscription is required to use Fluent Assertions for commercial use.

     Please contact Xceed Sales mailto:sales@xceed.com to acquire a subscription at a very low cost.

     A paid commercial license supports the development and continued increasing support of
     Fluent Assertions users under both commercial and community licenses. Help us
     keep Fluent Assertions at the forefront of unit testing.

     For more information, visit https://xceed.com/products/unit-testing/fluent-assertions/
]]></output>
          </test-case>
        </test-suite>
      </test-suite>
    </test-suite>
  </test-suite>
</test-run>